<?xml version="1.0" encoding="UTF-8"?>
<!-- Generated by org.testng.reporters.JUnitReportReporter -->
<testsuite name="com.java.sample.TestNG" tests="1" time="30.283" ignored="0" failures="0" timestamp="05 Sep 2017 19:18:13 GMT" skipped="0" hostname="MHNKING" errors="0">
  <testcase name="mainPage" time="30.283" classname="com.java.sample.TestNG"/>
</testsuite> <!-- com.java.sample.TestNG -->
